app/build/intermediates/manifest_merge_blame_file/debug/manifest-merger-blame-debug-report.txt
1<?xml version="1.0" encoding="utf-8"?>
2<manifest xmlns:android="http://schemas.android.com/apk/res/android"
3    package="com.sakethh.jetspacer"
4    android:versionCode="1"
5    android:versionName="1.0" >
6
7    <uses-sdk
8        android:minSdkVersion="24"
8-->src/main/AndroidManifest.xml
9        android:targetSdkVersion="33" />
9-->src/main/AndroidManifest.xml
10
11    <uses-permission android:name="android.permission.INTERNET" />
11-->src/main/AndroidManifest.xml:4:1-62
11-->src/main/AndroidManifest.xml:4:18-60
12    <uses-permission android:name="android.permission.VIBRATE" />
12-->src/main/AndroidManifest.xml:5:5-65
12-->src/main/AndroidManifest.xml:5:22-63
13
14    <permission
14-->[androidx.core:core:1.9.0] AndroidManifest.xml:22:5-24:47
15        android:name="com.sakethh.jetspacer.DYNAMIC_RECEIVER_NOT_EXPORTED_PERMISSION"
15-->[androidx.core:core:1.9.0] AndroidManifest.xml:23:9-81
16        android:protectionLevel="signature" />
16-->[androidx.core:core:1.9.0] AndroidManifest.xml:24:9-44
17
18    <uses-permission android:name="com.sakethh.jetspacer.DYNAMIC_RECEIVER_NOT_EXPORTED_PERMISSION" />
18-->[androidx.core:core:1.9.0] AndroidManifest.xml:26:5-97
18-->[androidx.core:core:1.9.0] AndroidManifest.xml:26:22-94
19
20    <application
20-->src/main/AndroidManifest.xml:6:5-27:19
21        android:allowBackup="true"
21-->src/main/AndroidManifest.xml:7:9-35
22        android:appComponentFactory="androidx.core.app.CoreComponentFactory"
22-->[androidx.core:core:1.9.0] AndroidManifest.xml:28:18-86
23        android:dataExtractionRules="@xml/data_extraction_rules"
23-->src/main/AndroidManifest.xml:8:9-65
24        android:debuggable="true"
25        android:extractNativeLibs="false"
26        android:fullBackupContent="@xml/backup_rules"
26-->src/main/AndroidManifest.xml:9:9-54
27        android:icon="@mipmap/ic_launcher"
27-->src/main/AndroidManifest.xml:10:9-43
28        android:label="@string/app_name"
28-->src/main/AndroidManifest.xml:11:9-41
29        android:supportsRtl="true"
29-->src/main/AndroidManifest.xml:12:9-35
30        android:testOnly="true"
31        android:theme="@style/Theme.JetSpacer"
31-->src/main/AndroidManifest.xml:14:9-47
32        android:usesCleartextTraffic="true" >
32-->src/main/AndroidManifest.xml:13:9-44
33        <activity
33-->src/main/AndroidManifest.xml:16:9-26:20
34            android:name="com.sakethh.jetspacer.MainActivity"
34-->src/main/AndroidManifest.xml:17:13-41
35            android:exported="true"
35-->src/main/AndroidManifest.xml:18:13-36
36            android:label="@string/app_name"
36-->src/main/AndroidManifest.xml:19:13-45
37            android:theme="@style/Theme.JetSpacer" >
37-->src/main/AndroidManifest.xml:20:13-51
38            <intent-filter>
38-->src/main/AndroidManifest.xml:21:13-25:29
39                <action android:name="android.intent.action.MAIN" />
39-->src/main/AndroidManifest.xml:22:17-69
39-->src/main/AndroidManifest.xml:22:25-66
40
41                <category android:name="android.intent.category.LAUNCHER" />
41-->src/main/AndroidManifest.xml:24:17-77
41-->src/main/AndroidManifest.xml:24:27-74
42            </intent-filter>
43        </activity>
44        <activity
44-->[androidx.compose.ui:ui-tooling:1.2.0] AndroidManifest.xml:24:9-26:39
45            android:name="androidx.compose.ui.tooling.PreviewActivity"
45-->[androidx.compose.ui:ui-tooling:1.2.0] AndroidManifest.xml:25:13-71
46            android:exported="true" />
46-->[androidx.compose.ui:ui-tooling:1.2.0] AndroidManifest.xml:26:13-36
47        <activity
47-->[androidx.compose.ui:ui-test-manifest:1.2.0] AndroidManifest.xml:24:9-26:39
48            android:name="androidx.activity.ComponentActivity"
48-->[androidx.compose.ui:ui-test-manifest:1.2.0] AndroidManifest.xml:25:13-63
49            android:exported="true" />
49-->[androidx.compose.ui:ui-test-manifest:1.2.0] AndroidManifest.xml:26:13-36
50
51        <provider
51-->[androidx.emoji2:emoji2:1.3.0-alpha01] AndroidManifest.xml:24:9-32:20
52            android:name="androidx.startup.InitializationProvider"
52-->[androidx.emoji2:emoji2:1.3.0-alpha01] AndroidManifest.xml:25:13-67
53            android:authorities="com.sakethh.jetspacer.androidx-startup"
53-->[androidx.emoji2:emoji2:1.3.0-alpha01] AndroidManifest.xml:26:13-68
54            android:exported="false" >
54-->[androidx.emoji2:emoji2:1.3.0-alpha01] AndroidManifest.xml:27:13-37
55            <meta-data
55-->[androidx.emoji2:emoji2:1.3.0-alpha01] AndroidManifest.xml:29:13-31:52
56                android:name="androidx.emoji2.text.EmojiCompatInitializer"
56-->[androidx.emoji2:emoji2:1.3.0-alpha01] AndroidManifest.xml:30:17-75
57                android:value="androidx.startup" />
57-->[androidx.emoji2:emoji2:1.3.0-alpha01] AndroidManifest.xml:31:17-49
58            <meta-data
58-->[androidx.lifecycle:lifecycle-process:2.4.1] AndroidManifest.xml:31:13-33:52
59                android:name="androidx.lifecycle.ProcessLifecycleInitializer"
59-->[androidx.lifecycle:lifecycle-process:2.4.1] AndroidManifest.xml:32:17-78
60                android:value="androidx.startup" />
60-->[androidx.lifecycle:lifecycle-process:2.4.1] AndroidManifest.xml:33:17-49
61            <meta-data
61-->[androidx.profileinstaller:profileinstaller:1.2.1] AndroidManifest.xml:30:13-32:52
62                android:name="androidx.profileinstaller.ProfileInstallerInitializer"
62-->[androidx.profileinstaller:profileinstaller:1.2.1] AndroidManifest.xml:31:17-85
63                android:value="androidx.startup" />
63-->[androidx.profileinstaller:profileinstaller:1.2.1] AndroidManifest.xml:32:17-49
64        </provider>
65
66        <service
66-->[androidx.room:room-runtime:2.5.0] AndroidManifest.xml:24:9-28:63
67            android:name="androidx.room.MultiInstanceInvalidationService"
67-->[androidx.room:room-runtime:2.5.0] AndroidManifest.xml:25:13-74
68            android:directBootAware="true"
68-->[androidx.room:room-runtime:2.5.0] AndroidManifest.xml:26:13-43
69            android:exported="false" />
69-->[androidx.room:room-runtime:2.5.0] AndroidManifest.xml:27:13-37
70
71        <receiver
71-->[androidx.profileinstaller:profileinstaller:1.2.1] AndroidManifest.xml:35:9-47:20
72            android:name="androidx.profileinstaller.ProfileInstallReceiver"
72-->[androidx.profileinstaller:profileinstaller:1.2.1] AndroidManifest.xml:36:13-76
73            android:directBootAware="false"
73-->[androidx.profileinstaller:profileinstaller:1.2.1] AndroidManifest.xml:37:13-44
74            android:enabled="true"
74-->[androidx.profileinstaller:profileinstaller:1.2.1] AndroidManifest.xml:38:13-35
75            android:exported="true"
75-->[androidx.profileinstaller:profileinstaller:1.2.1] AndroidManifest.xml:39:13-36
76            android:permission="android.permission.DUMP" >
76-->[androidx.profileinstaller:profileinstaller:1.2.1] AndroidManifest.xml:40:13-57
77            <intent-filter>
77-->[androidx.profileinstaller:profileinstaller:1.2.1] AndroidManifest.xml:41:13-43:29
78                <action android:name="androidx.profileinstaller.action.INSTALL_PROFILE" />
78-->[androidx.profileinstaller:profileinstaller:1.2.1] AndroidManifest.xml:42:17-91
78-->[androidx.profileinstaller:profileinstaller:1.2.1] AndroidManifest.xml:42:25-88
79            </intent-filter>
80            <intent-filter>
80-->[androidx.profileinstaller:profileinstaller:1.2.1] AndroidManifest.xml:44:13-46:29
81                <action android:name="androidx.profileinstaller.action.SKIP_FILE" />
81-->[androidx.profileinstaller:profileinstaller:1.2.1] AndroidManifest.xml:45:17-85
81-->[androidx.profileinstaller:profileinstaller:1.2.1] AndroidManifest.xml:45:25-82
82            </intent-filter>
83        </receiver>
84    </application>
85
86</manifest>